<?xml version="1.0" encoding="UTF-8"?>
<!-- 
RSS generated by JIRA (Test Export) at Thu Jul 18 12:00:00 UTC 2025
Test file with 2 simple tasks for ClickUp import testing
 -->
<rss version="0.92">
<channel>
<title>Test JIRA Export</title>
<link>https://test.atlassian.net/issues/?jql=project+%3D+TEST</link>
<description>A test XML representation with 2 sample tasks</description>
<language>en-gb</language>
<issue start="0" end="2" total="2"/>
<build-info>
<version>1001.0.0-TEST</version>
<build-number>100001</build-number>
<build-date>18-07-2025</build-date>
</build-info>

<item>
<title>[TEST-001] Fix login page responsive design</title>
<link>https://test.atlassian.net/browse/TEST-001</link>
<project id="12345" key="TEST">Test Project</project>
<description><p>The login page is not displaying correctly on mobile devices.</p> 
<p><strong>Steps to reproduce:</strong></p>
<ul>
<li>Open the login page on a mobile device</li>
<li>Try to enter credentials</li>
<li>Notice the layout is broken</li>
</ul>
<p>Please fix the CSS media queries to ensure proper responsive behavior.</p>
<p><span class="image-wrap" style=""><img src="/rest/api/3/attachment/content/12345" alt="mobile-login-screenshot.png" height="800" width="450" style="border: 0px solid black" /></span></p>
</description>
<environment/>
<key id="10001">TEST-001</key>
<summary>Fix login page responsive design</summary>
<type id="1" iconUrl="https://test.atlassian.net/rest/api/2/universal_avatar/view/type/issuetype/avatar/10318?size=medium">Bug</type>
<priority id="3" iconUrl="https://test.atlassian.net/images/icons/priority_high.gif">High</priority>
<status id="3" iconUrl="https://test.atlassian.net/images/icons/statuses/inprogress.png" description="This issue is being actively worked on.">In Progress</status>
<statusCategory id="4" key="indeterminate" colorName="yellow"/>
<resolution id="-1">Unresolved</resolution>
<assignee accountid="dev123456789">John Developer</assignee>
<reporter accountid="qa987654321">Jane Tester</reporter>
<labels>
<label>frontend</label>
<label>mobile</label>
<label>urgent</label>
</labels>
<created>Mon, 15 Jul 2025 09:30:00 +0200</created>
<updated>Wed, 17 Jul 2025 14:45:00 +0200</updated>
<due>Fri, 19 Jul 2025 17:00:00 +0200</due>
<votes>3</votes>
<watches>5</watches>
<comments>
<comment id="100001" author="qa987654321" created="Mon, 15 Jul 2025 10:15:00 +0200">
<p>I've tested this on several devices:</p>
<ul>
<li>iPhone 12 - Safari: Login form completely overlaps</li>
<li>Samsung Galaxy S21 - Chrome: Submit button is cut off</li>
<li>iPad - Safari: Works fine in landscape, broken in portrait</li>
</ul>
<p>The issue seems to be with the CSS grid layout not adapting properly to smaller screens.</p>
</comment>
<comment id="100002" author="dev123456789" created="Tue, 16 Jul 2025 11:30:00 +0200">
<p>Thanks for the detailed testing report! I've identified the issue:</p>
<p>The problem is in the <code>login.css</code> file where we're using fixed pixel values instead of relative units.</p>
<p>I'm working on a fix that will:</p>
<ol>
<li>Replace fixed widths with responsive units</li>
<li>Add proper media queries for mobile breakpoints</li>
<li>Test on the devices mentioned</li>
</ol>
<p>ETA: End of day tomorrow.</p>
</comment>
<comment id="100003" author="pm555666777" created="Wed, 17 Jul 2025 14:45:00 +0200">
<p>Hi <a href="https://test.atlassian.net/secure/ViewProfile.jspa?accountId=dev123456789" class="user-hover" rel="dev123456789" data-account-id="dev123456789" accountid="dev123456789">John Developer</a>,</p>
<p>This is blocking our mobile release. Can we prioritize this? The client is expecting the mobile version to work by Friday.</p>
<p>Let me know if you need any additional resources or help.</p>
</comment>
</comments>
<attachments>
<attachment id="12345" name="mobile-login-screenshot.png" size="156789" author="qa987654321" created="Mon, 15 Jul 2025 10:15:00 +0200"/>
<attachment id="12346" name="desktop-login-working.png" size="234567" author="qa987654321" created="Mon, 15 Jul 2025 10:16:00 +0200"/>
<attachment id="12347" name="ipad-landscape-working.png" size="345678" author="qa987654321" created="Mon, 15 Jul 2025 10:17:00 +0200"/>
</attachments>
<subtasks>
<subtask id="10002">TEST-002</subtask>
</subtasks>
<customfields>
<customfield id="customfield_10001" key="com.atlassian.jira.plugins.jira-development-integration-plugin:devsummarycf">
<customfieldname>Development</customfieldname>
<customfieldvalues> </customfieldvalues>
</customfield>
<customfield id="customfield_10100" key="com.atlassian.jira.plugin.system.customfieldtypes:select">
<customfieldname>Severity</customfieldname>
<customfieldvalues>
<customfieldvalue key="10200">
<![CDATA[ Major ]]>
</customfieldvalue>
</customfieldvalues>
</customfield>
<customfield id="customfield_10200" key="com.atlassian.jira.plugin.system.customfieldtypes:textarea">
<customfieldname>Acceptance Criteria</customfieldname>
<customfieldvalues>
<customfieldvalue>
<![CDATA[ 
- Login page displays correctly on all mobile devices
- Form elements are properly sized and positioned
- Submit button is always visible and clickable
- Text is readable without zooming
- Page loads within 3 seconds on 3G connection
]]>
</customfieldvalue>
</customfieldvalues>
</customfield>
</customfields>
</item>

<item>
<title>[TEST-002] Update user documentation for new feature</title>
<link>https://test.atlassian.net/browse/TEST-002</link>
<project id="12345" key="TEST">Test Project</project>
<description><p>We need to update the user documentation to include information about the new dashboard feature that was released in version 2.1.</p>
<p><strong>Required sections to add:</strong></p>
<ul>
<li>Dashboard overview</li>
<li>How to customize widgets</li>
<li>Available chart types</li>
<li>Export functionality</li>
</ul>
<p>The documentation should include screenshots and step-by-step instructions.</p>
<p><em>Note: This task is a subtask of TEST-001 and should be completed before the mobile release.</em></p>
</description>
<environment/>
<key id="10002">TEST-002</key>
<summary>Update user documentation for new feature</summary>
<type id="2" iconUrl="https://test.atlassian.net/rest/api/2/universal_avatar/view/type/issuetype/avatar/10311?size=medium">Task</type>
<priority id="4" iconUrl="https://test.atlassian.net/images/icons/priority_minor.gif">Low</priority>
<status id="1" iconUrl="https://test.atlassian.net/images/icons/statuses/open.png" description="The issue is open and ready for the assignee to start work on it.">To Do</status>
<statusCategory id="2" key="new" colorName="blue-gray"/>
<resolution id="-1">Unresolved</resolution>
<assignee accountid="writer789012345">Sarah Writer</assignee>
<reporter accountid="pm555666777">Mike Manager</reporter>
<labels>
<label>documentation</label>
<label>user-guide</label>
</labels>
<created>Tue, 16 Jul 2025 13:20:00 +0200</created>
<updated>Tue, 16 Jul 2025 16:30:00 +0200</updated>
<due/>
<votes>1</votes>
<watches>3</watches>
<comments>
<comment id="200001" author="pm555666777" created="Tue, 16 Jul 2025 13:25:00 +0200">
<p>Hi <a href="https://test.atlassian.net/secure/ViewProfile.jspa?accountId=writer789012345" class="user-hover" rel="writer789012345" data-account-id="writer789012345" accountid="writer789012345">Sarah Writer</a>,</p>
<p>Please coordinate with the development team to get the latest screenshots of the dashboard feature.</p>
<p>The product manager mentioned that there might be some UI changes coming in the next sprint, so let's make sure we document the current state accurately.</p>
</comment>
<comment id="200002" author="writer789012345" created="Tue, 16 Jul 2025 16:30:00 +0200">
<p>Thanks for the heads up! I'll reach out to the dev team today.</p>
<p>Quick question: Should I also include troubleshooting section for common dashboard issues, or keep it focused on just the basic functionality?</p>
<p>I'm thinking we could add:</p>
<ul>
<li>FAQ section</li>
<li>Common error messages</li>
<li>Browser compatibility notes</li>
</ul>
<p>Let me know your thoughts.</p>
</comment>
</comments>
<attachments>
<attachment id="23456" name="dashboard-mockup-v2.1.pdf" size="987654" author="writer789012345" created="Tue, 16 Jul 2025 16:32:00 +0200"/>
</attachments>
<subtasks> </subtasks>
<customfields>
<customfield id="customfield_10001" key="com.atlassian.jira.plugins.jira-development-integration-plugin:devsummarycf">
<customfieldname>Development</customfieldname>
<customfieldvalues> </customfieldvalues>
</customfield>
<customfield id="customfield_10300" key="com.atlassian.jira.plugin.system.customfieldtypes:select">
<customfieldname>Documentation Type</customfieldname>
<customfieldvalues>
<customfieldvalue key="10301">
<![CDATA[ User Guide ]]>
</customfieldvalue>
</customfieldvalues>
</customfield>
<customfield id="customfield_10400" key="com.atlassian.jira.plugin.system.customfieldtypes:textfield">
<customfieldname>Estimated Pages</customfieldname>
<customfieldvalues>
<customfieldvalue>5-8 pages</customfieldvalue>
</customfieldvalues>
</customfield>
</customfields>
</item>

</channel>
</rss> 